[17:53:11] [ServerMain/INFO]: Environment: Environment[sessionHost=https://sessionserver.mojang.com, servicesHost=https://api.minecraftservices.com, name=PROD]
[17:53:13] [ServerMain/INFO]: No existing world data, creating new world
[17:53:14] [ServerMain/INFO]: Loaded 1370 recipes
[17:53:14] [ServerMain/INFO]: Loaded 1481 advancements
[17:53:14] [Server thread/INFO]: Starting minecraft server version 1.21.4
[17:53:14] [Server thread/INFO]: Loading properties
[17:53:14] [Server thread/INFO]: Default game type: SURVIVAL
[17:53:14] [Server thread/INFO]: Generating keypair
[17:53:14] [Server thread/INFO]: Starting Minecraft server on *:25565
[17:53:15] [Server thread/INFO]: Using epoll channel type
[17:53:15] [Server thread/WARN]: **** SERVER IS RUNNING IN OFFLINE/INSECURE MODE!
[17:53:15] [Server thread/WARN]: The server will make no attempt to authenticate usernames. Beware.
[17:53:15] [Server thread/WARN]: While this makes the game possible to play without internet access, it also opens up the ability for hackers to connect with any username they choose.
[17:53:15] [Server thread/WARN]: To change this, set "online-mode" to "true" in the server.properties file.
[17:53:15] [Server thread/INFO]: Preparing level "world"
[17:53:29] [Server thread/INFO]: Preparing start region for dimension minecraft:overworld
[17:53:29] [Worker-Main-1/INFO]: Preparing spawn area: 2%
[17:53:30] [Worker-Main-1/INFO]: Preparing spawn area: 2%
[17:53:30] [Worker-Main-1/INFO]: Preparing spawn area: 2%
[17:53:31] [Worker-Main-1/INFO]: Preparing spawn area: 2%
[17:53:31] [Worker-Main-1/INFO]: Preparing spawn area: 2%
[17:53:32] [Worker-Main-1/INFO]: Preparing spawn area: 2%
[17:53:32] [Worker-Main-1/INFO]: Preparing spawn area: 2%
[17:53:33] [Worker-Main-1/INFO]: Preparing spawn area: 2%
[17:53:33] [Worker-Main-1/INFO]: Preparing spawn area: 2%
[17:53:34] [Worker-Main-1/INFO]: Preparing spawn area: 2%
[17:53:34] [Worker-Main-1/INFO]: Preparing spawn area: 2%
[17:53:35] [Worker-Main-1/INFO]: Preparing spawn area: 2%
[17:53:35] [Worker-Main-1/INFO]: Preparing spawn area: 2%
[17:53:36] [Worker-Main-1/INFO]: Preparing spawn area: 2%
[17:53:36] [Worker-Main-1/INFO]: Preparing spawn area: 2%
[17:53:37] [Worker-Main-1/INFO]: Preparing spawn area: 2%
[17:53:37] [Server thread/INFO]: Time elapsed: 7904 ms
[17:53:37] [Server thread/INFO]: Done (22.379s)! For help, type "help"
[17:54:18] [Server thread/INFO]: Benja_By[/127.221.233.66:52363] logged in with entity id 42 at (-5.5, 69.0, 5.5)
[17:54:18] [Server thread/INFO]: Benja_By joined the game
[17:54:24] [Server thread/INFO]: MEfi[/127.17.232.114:55129] logged in with entity id 106 at (-6.5, 69.0, 5.5)
[17:54:24] [Server thread/INFO]: MEfi joined the game
[17:58:06] [Server thread/INFO]: Benja_By has made the advancement [Stone Age]
[17:58:21] [Server thread/INFO]: Benja_By has made the advancement [Getting an Upgrade]
[17:58:32] [Server thread/INFO]: MEfi has made the advancement [Stone Age]
[18:00:11] [Server thread/INFO]: MEfi went up in flames
[18:00:13] [Server thread/INFO]: Benja_By went up in flames
[18:05:12] [Server thread/INFO]: MEfi has made the advancement [Getting an Upgrade]
[18:06:45] [Server thread/INFO]: MEfi has made the advancement [Monster Hunter]
[18:06:48] [Server thread/INFO]: Benja_By has made the advancement [Monster Hunter]
[18:09:57] [Server thread/INFO]: Benja_By has made the advancement [Sweet Dreams]
[18:10:46] [Server thread/INFO]: MEfi has made the advancement [Sweet Dreams]
[18:12:52] [Server thread/INFO]: Benja_By has made the advancement [Acquire Hardware]
[18:18:52] [Server thread/WARN]: Mismatch in destroy block pos: ji{x=1, y=67, z=-193} ji{x=0, y=67, z=-193}
[18:20:41] [Server thread/INFO]: [Not Secure] <Benja_By> aoidhfakljgbasg
[18:21:38] [Server thread/INFO]: Benja_By has made the advancement [Best Friends Forever]
[18:22:47] [Server thread/INFO]: Seed: [9214455186349420832]
[18:33:25] [Server thread/INFO]: Benja_By has made the advancement [Not Today, Thank You]
[18:34:37] [Server thread/INFO]: MEfi has made the advancement [Not Today, Thank You]
[18:37:10] [Server thread/INFO]: Benja_By fell from a high place
[18:37:40] [Server thread/INFO]: Benja_By fell from a high place
[18:38:02] [Server thread/WARN]: MEfi moved too quickly! 0.0,-10.188594643186812,0.0
[18:38:03] [Server thread/INFO]: MEfi has made the advancement [Acquire Hardware]
[18:38:04] [Server thread/INFO]: MEfi fell from a high place
[18:38:12] [Server thread/INFO]: Benja_By lost connection: Disconnected
[18:38:12] [Server thread/INFO]: Benja_By left the game
[18:38:18] [Server thread/INFO]: MEfi lost connection: Disconnected
[18:38:18] [Server thread/INFO]: MEfi left the game
[18:38:27] [Server thread/INFO]: Benja_By[/127.221.233.66:56745] logged in with entity id 12024 at (309.50284913016384, 1.0, 302.00884607217847)
[18:38:27] [Server thread/INFO]: Benja_By joined the game
[18:38:41] [Server thread/INFO]: Benja_By lost connection: Disconnected
[18:38:41] [Server thread/INFO]: Benja_By left the game
[18:38:47] [Server thread/INFO]: MEfi[/127.17.232.114:35321] logged in with entity id 12389 at (-3.500603265716959, 69.0, 2.2480536497189787)
[18:38:47] [Server thread/INFO]: MEfi joined the game
[18:39:03] [Server thread/INFO]: MEfi lost connection: Disconnected
[18:39:03] [Server thread/INFO]: MEfi left the game
[18:40:03] [Server thread/INFO]: Server empty for 60 seconds, pausing
[18:42:54] [Server thread/INFO]: Unknown or incomplete command, see below for error
[18:42:54] [Server thread/INFO]: tpstop<--[HERE]
[18:42:58] [Server thread/INFO]: Stopping the server
[18:42:58] [Server thread/INFO]: Stopping server
[18:42:58] [Server thread/INFO]: Saving players
[18:42:58] [Server thread/INFO]: Saving worlds
[18:42:58] [Server thread/INFO]: Saving chunks for level 'ServerLevel[world]'/minecraft:overworld
[18:42:58] [Server thread/INFO]: Saving chunks for level 'ServerLevel[world]'/minecraft:the_nether
[18:42:58] [Server thread/INFO]: Saving chunks for level 'ServerLevel[world]'/minecraft:the_end
[18:42:58] [Server thread/INFO]: ThreadedAnvilChunkStorage (world): All chunks are saved
[18:42:58] [Server thread/INFO]: ThreadedAnvilChunkStorage (DIM-1): All chunks are saved
[18:42:58] [Server thread/INFO]: ThreadedAnvilChunkStorage (DIM1): All chunks are saved
[18:42:58] [Server thread/INFO]: ThreadedAnvilChunkStorage: All dimensions are saved
